* using log directory ‘/Users/ryanturcotte/Dropbox/MATH 4753 Spring 2021 | Stats/Intro2R.Rcheck’
* using R version 4.0.3 (2020-10-10)
* using platform: x86_64-apple-darwin17.0 (64-bit)
* using session charset: UTF-8
* using options ‘--no-manual --as-cran’
* checking for file ‘Intro2R/DESCRIPTION’ ... OK
* checking extension type ... Package
* this is package ‘Intro2R’ version ‘0.1.0’
* package encoding: UTF-8
* checking package namespace information ... OK
* checking package dependencies ... OK
* checking if this is a source package ... OK
* checking if there is a namespace ... OK
* checking for executable files ... OK
* checking for hidden files and directories ... OK
* checking for portable file names ... OK
* checking for sufficient/correct file permissions ... OK
* checking serialization versions ... OK
* checking whether package ‘Intro2R’ can be installed ... OK
* checking installed package size ... NOTE
  installed size is 85.1Mb
  sub-directories of 1Mb or more:
    Lab1    3.9Mb
    Lab14   3.3Mb
    Lab15   2.5Mb
    Lab16  17.1Mb
    Lab3    3.6Mb
    Lab4    8.4Mb
    Lab5    3.5Mb
    Lab6    1.1Mb
    Lab7    6.2Mb
    Lab9    2.9Mb
    data    1.6Mb
    doc    30.1Mb
* checking package directory ... OK
* checking for future file timestamps ... OK
* checking ‘build’ directory ... OK
* checking DESCRIPTION meta-information ... OK
* checking top-level files ... OK
* checking for left-over files ... OK
* checking index information ... OK
* checking package subdirectories ... OK
* checking R files for non-ASCII characters ... OK
* checking R files for syntax errors ... OK
* checking whether the package can be loaded ... OK
* checking whether the package can be loaded with stated dependencies ... OK
* checking whether the package can be unloaded cleanly ... OK
* checking whether the namespace can be loaded with stated dependencies ... OK
* checking whether the namespace can be unloaded cleanly ... OK
* checking loading without being on the library search path ... OK
* checking dependencies in R code ... OK
* checking S3 generic/method consistency ... OK
* checking replacement functions ... OK
* checking foreign function calls ... OK
* checking R code for possible problems ... NOTE
plot.mytt: no visible binding for global variable ‘v’
Undefined global functions or variables:
  v
* checking Rd files ... OK
* checking Rd metadata ... OK
* checking Rd line widths ... OK
* checking Rd cross-references ... OK
* checking for missing documentation entries ... WARNING
Undocumented code objects:
  ‘liquid’
Undocumented data sets:
  ‘liquid’
All user-level objects in a package should have documentation entries.
See chapter ‘Writing R documentation files’ in the ‘Writing R
Extensions’ manual.
* checking for code/documentation mismatches ... WARNING
Data codoc mismatches from documentation object 'ojuice':
Variables in data frame 'ojuice'
  Code: Pectin Run SweetIndex
  Docs: Pectin SweetIndex

* checking Rd \usage sections ... OK
* checking Rd contents ... OK
* checking for unstated dependencies in examples ... OK
* checking contents of ‘data’ directory ... OK
* checking data for non-ASCII characters ... OK
* checking data for ASCII and uncompressed saves ... OK
* checking installed files from ‘inst/doc’ ... OK
* checking files in ‘vignettes’ ... OK
* checking examples ... OK
* checking for unstated dependencies in vignettes ... OK
* checking package vignettes in ‘inst/doc’ ... OK
* checking re-building of vignette outputs ... OK
* checking for non-standard things in the check directory ... OK
* checking for detritus in the temp directory ... OK
* DONE
Status: 2 WARNINGs, 2 NOTEs
